client/src/components/dashboard/DashboardLayout.tsx(410,53): error TS2304: Cannot find name 'toggleAutonomousMode'.
client/src/components/dashboard/DashboardLayout.tsx(411,33): error TS2304: Cannot find name 'toggleAutonomousMode'.
client/src/components/dashboard/DashboardLayout.tsx(587,26): error TS2552: Cannot find name 'notificationsOpen'. Did you mean 'Notification'?
client/src/components/dashboard/DashboardLayout.tsx(587,59): error TS2304: Cannot find name 'setNotificationsOpen'.
client/src/components/dashboard/DashboardLayout.tsx(753,36): error TS2304: Cannot find name 'setNotificationsOpen'.
client/src/components/dashboard/LeadIntelligenceModal.tsx(286,51): error TS2339: Property 'socialProfiles' does not exist on type 'IntelligenceData'.
client/src/components/dashboard/LeadIntelligenceModal.tsx(286,72): error TS7006: Parameter 'profile' implicitly has an 'any' type.
client/src/components/dashboard/LeadIntelligenceModal.tsx(286,81): error TS7006: Parameter 'i' implicitly has an 'any' type.
client/src/components/dashboard/LeadIntelligenceModal.tsx(302,52): error TS2339: Property 'socialProfiles' does not exist on type 'IntelligenceData'.
client/src/pages/dashboard/analytics.tsx(181,58): error TS2339: Property 'closedRevenue' does not exist on type '{ sent: number; replied: number; opened: number; booked: number; leadsFiltered: number; conversionRate: number; responseRate: number; openRate: number; }'.
client/src/pages/dashboard/analytics.tsx(183,80): error TS2339: Property 'closedRevenue' does not exist on type '{ sent: number; replied: number; opened: number; booked: number; leadsFiltered: number; conversionRate: number; responseRate: number; openRate: number; }'.
client/src/pages/dashboard/analytics.tsx(184,79): error TS2339: Property 'closedRevenue' does not exist on type '{ sent: number; replied: number; opened: number; booked: number; leadsFiltered: number; conversionRate: number; responseRate: number; openRate: number; }'.
client/src/pages/dashboard/analytics.tsx(533,94): error TS2339: Property 'closedRevenue' does not exist on type '{ sent: number; replied: number; opened: number; booked: number; leadsFiltered: number; conversionRate: number; responseRate: number; openRate: number; }'.
client/src/pages/dashboard/analytics.tsx(533,233): error TS2339: Property 'closedRevenue' does not exist on type '{ sent: number; replied: number; opened: number; booked: number; leadsFiltered: number; conversionRate: number; responseRate: number; openRate: number; }'.
client/src/pages/dashboard/home.tsx(259,82): error TS2339: Property 'openRate' does not exist on type 'PreviousDashboardStats'.
client/src/pages/dashboard/home.tsx(260,72): error TS2339: Property 'openRate' does not exist on type 'PreviousDashboardStats'.
client/src/pages/dashboard/home.tsx(260,137): error TS2339: Property 'openRate' does not exist on type 'PreviousDashboardStats'.
client/src/pages/dashboard/home.tsx(269,86): error TS2339: Property 'responseRate' does not exist on type 'PreviousDashboardStats'.
client/src/pages/dashboard/home.tsx(270,76): error TS2339: Property 'responseRate' does not exist on type 'PreviousDashboardStats'.
client/src/pages/dashboard/home.tsx(270,149): error TS2339: Property 'responseRate' does not exist on type 'PreviousDashboardStats'.
client/src/pages/dashboard/home.tsx(279,87): error TS2339: Property 'closedRevenue' does not exist on type 'PreviousDashboardStats'.
client/src/pages/dashboard/home.tsx(280,77): error TS2339: Property 'closedRevenue' does not exist on type 'PreviousDashboardStats'.
client/src/pages/dashboard/home.tsx(280,152): error TS2339: Property 'closedRevenue' does not exist on type 'PreviousDashboardStats'.
client/src/pages/dashboard/home.tsx(532,31): error TS2339: Property 'domainHealth' does not exist on type 'DashboardStats'.
client/src/pages/dashboard/home.tsx(532,88): error TS2339: Property 'domainHealth' does not exist on type 'DashboardStats'.
client/src/pages/dashboard/home.tsx(534,31): error TS2339: Property 'domainHealth' does not exist on type 'DashboardStats'.
client/src/pages/dashboard/home.tsx(534,66): error TS2339: Property 'domainHealth' does not exist on type 'DashboardStats'.
client/src/pages/dashboard/home.tsx(539,29): error TS2339: Property 'domainHealth' does not exist on type 'DashboardStats'.
client/src/pages/dashboard/home.tsx(539,104): error TS2339: Property 'domainHealth' does not exist on type 'DashboardStats'.
client/src/pages/dashboard/home.tsx(541,30): error TS2339: Property 'domainHealth' does not exist on type 'DashboardStats'.
client/src/pages/dashboard/home.tsx(541,80): error TS2339: Property 'domainHealth' does not exist on type 'DashboardStats'.
client/src/pages/dashboard/home.tsx(566,30): error TS2339: Property 'domainHealth' does not exist on type 'DashboardStats'.
client/src/pages/dashboard/integrations.tsx(500,85): error TS18048: 'customEmailStatus' is possibly 'undefined'.
client/src/pages/dashboard/integrations.tsx(556,65): error TS18048: 'customEmailStatus' is possibly 'undefined'.
server/lib/workers/lead-expiry-worker.ts(66,42): error TS7006: Parameter 'l' implicitly has an 'any' type.
server/lib/workers/lead-expiry-worker.ts(72,60): error TS7006: Parameter 'l' implicitly has an 'any' type.
server/lib/workers/lead-expiry-worker.ts(74,37): error TS2345: Argument of type 'unknown' is not assignable to parameter of type 'string'.
server/lib/workers/outreach-engine.ts(453,41): error TS2304: Cannot find name 'aiContent'.
server/lib/workers/outreach-engine.ts(453,57): error TS2304: Cannot find name 'aiContent'.
server/lib/workers/outreach-engine.ts(465,18): error TS2304: Cannot find name 'aiContent'.
server/lib/workers/outreach-engine.ts(466,15): error TS2304: Cannot find name 'aiContent'.
server/routes/messages-routes.ts(130,49): error TS2304: Cannot find name 'trackingId'.
server/routes/messages-routes.ts(134,13): error TS2304: Cannot find name 'trackingId'.
server/routes/messages-routes.ts(134,28): error TS18004: No value exists in scope for the shorthand property 'trackingId'. Either declare one or provide an initializer.
server/scripts/update-enterprise-users.ts(22,28): error TS7006: Parameter 'u' implicitly has an 'any' type.
server/storage.ts(1407,20): error TS2663: Cannot find name 'deals'. Did you mean the instance member 'this.deals'?
server/storage.ts(1407,33): error TS7006: Parameter 'd' implicitly has an 'any' type.
server/storage.ts(1407,101): error TS7006: Parameter 'sum' implicitly has an 'any' type.
server/storage.ts(1407,106): error TS7006: Parameter 'd' implicitly has an 'any' type.
server/storage.ts(1408,20): error TS2663: Cannot find name 'deals'. Did you mean the instance member 'this.deals'?
server/storage.ts(1408,34): error TS7006: Parameter 'sum' implicitly has an 'any' type.
server/storage.ts(1408,39): error TS7006: Parameter 'd' implicitly has an 'any' type.
